<?xml version="1.0" encoding="UTF-8"?>
<!-- Generated by org.testng.reporters.JUnitReportReporter -->
<testsuite skipped="0" hostname="浪里个浪" name="com.hxk.online.course.VideoDel" tests="1" failures="0" timestamp="03 八月 2022 01:35:51 GMT" time="0.632" errors="0">
  <testcase name="videoDel" time="0.632" classname="com.hxk.online.course.VideoDel"/>
</testsuite> <!-- com.hxk.online.course.VideoDel -->
