<?xml version="1.0" encoding="UTF-8"?>
<!-- Generated by org.testng.reporters.JUnitReportReporter -->
<testsuite skipped="0" hostname="浪里个浪" name="com.hxk.tesngDemo.TestDemo" tests="1" failures="0" timestamp="01 八月 2022 02:49:18 GMT" time="0.001" errors="0">
  <testcase name="test1" time="0.001" classname="com.hxk.tesngDemo.TestDemo"/>
</testsuite> <!-- com.hxk.tesngDemo.TestDemo -->
