<?xml version="1.0" encoding="UTF-8"?>
<!-- Generated by org.testng.reporters.JUnitReportReporter -->
<testsuite skipped="0" hostname="浪里个浪" name="com.hxk.tesngDemo.index" tests="1" failures="0" timestamp="29 七月 2022 08:32:27 GMT" time="0.353" errors="0">
  <testcase name="index" time="0.353" classname="com.hxk.tesngDemo.index"/>
</testsuite> <!-- com.hxk.tesngDemo.index -->
