<?xml version="1.0" encoding="UTF-8"?>
<!-- Generated by org.testng.reporters.JUnitReportReporter -->
<testsuite skipped="0" hostname="浪里个浪" name="com.hxk.tesngDemo.index" tests="1" failures="0" timestamp="29 七月 2022 07:30:29 GMT" time="1.243" errors="0">
  <testcase name="index" time="1.243" classname="com.hxk.tesngDemo.index"/>
</testsuite> <!-- com.hxk.tesngDemo.index -->
