<?xml version="1.0" encoding="UTF-8"?>
<!-- Generated by org.testng.reporters.JUnitReportReporter -->
<testsuite skipped="0" hostname="浪里个浪" name="com.hxk.tesngDemo.TestDemo" tests="1" failures="0" timestamp="29 七月 2022 08:32:27 GMT" time="0.002" errors="0">
  <testcase name="test1" time="0.002" classname="com.hxk.tesngDemo.TestDemo"/>
</testsuite> <!-- com.hxk.tesngDemo.TestDemo -->
