<?xml version="1.0" encoding="UTF-8"?>
<!-- Generated by org.testng.reporters.JUnitReportReporter -->
<testsuite skipped="0" hostname="浪里个浪" name="com.hxk.online.course.VideoList" tests="1" failures="0" timestamp="02 八月 2022 02:24:18 GMT" time="0.224" errors="0">
  <testcase name="index" time="0.224" classname="com.hxk.online.course.VideoList"/>
</testsuite> <!-- com.hxk.onlineurse.VideoList -->
